{"contracts/DEX.sol":{"l":{"24":81,"25":81,"31":30,"33":29,"34":29,"36":29,"38":25,"39":25,"42":4,"43":4,"45":4,"48":29,"49":29,"50":29,"52":29,"53":29,"59":8,"60":6,"61":6,"63":6,"64":6,"66":6,"68":6,"69":6,"70":6,"71":6,"73":6,"74":6,"76":6,"77":6,"81":13,"82":12,"83":12,"84":12,"86":12,"87":12,"89":12,"90":12,"92":12,"93":12,"95":12,"96":12,"100":4,"101":4,"102":4,"103":4,"105":4,"106":4,"108":4,"109":4,"111":4,"112":4,"114":4,"115":4,"119":6,"120":5,"124":9,"131":17,"132":17,"134":17,"135":17,"136":17,"137":17,"141":25,"142":25,"143":25,"144":25,"145":1854,"146":1854,"149":0},"path":"/app/contracts/DEX.sol","s":{"1":30,"2":29,"3":29,"4":29,"5":4,"6":4,"7":29,"8":29,"9":8,"10":6,"11":6,"12":6,"13":6,"14":6,"15":6,"16":6,"17":13,"18":12,"19":12,"20":12,"21":12,"22":12,"23":12,"24":12,"25":12,"26":4,"27":4,"28":4,"29":4,"30":4,"31":4,"32":4,"33":4,"34":4,"35":6,"36":5,"37":9,"38":17,"39":17,"40":17,"41":17,"42":17,"43":25,"44":25,"45":25,"46":0},"b":{"1":[29,1],"2":[25,4],"3":[4,0],"4":[6,2],"5":[6,0],"6":[6,0],"7":[6,0],"8":[12,1],"9":[12,0],"10":[12,0],"11":[4,0],"12":[4,0],"13":[4,0],"14":[5,1],"15":[17,0],"16":[17,0],"17":[25,0],"18":[0,0]},"f":{"1":81,"2":30,"3":8,"4":13,"5":4,"6":6,"7":9,"8":17,"9":25},"fnMap":{"1":{"name":"constructor","line":23,"loc":{"start":{"line":23,"column":4},"end":{"line":26,"column":4}}},"2":{"name":"addLiquidity","line":28,"loc":{"start":{"line":28,"column":4},"end":{"line":54,"column":4}}},"3":{"name":"removeLiquidity","line":56,"loc":{"start":{"line":56,"column":4},"end":{"line":78,"column":4}}},"4":{"name":"swapAForB","line":80,"loc":{"start":{"line":80,"column":4},"end":{"line":97,"column":4}}},"5":{"name":"swapBForA","line":99,"loc":{"start":{"line":99,"column":4},"end":{"line":116,"column":4}}},"6":{"name":"getPrice","line":118,"loc":{"start":{"line":118,"column":4},"end":{"line":121,"column":4}}},"7":{"name":"getReserves","line":123,"loc":{"start":{"line":123,"column":4},"end":{"line":125,"column":4}}},"8":{"name":"getAmountOut","line":127,"loc":{"start":{"line":127,"column":4},"end":{"line":138,"column":4}}},"9":{"name":"sqrt","line":140,"loc":{"start":{"line":140,"column":4},"end":{"line":151,"column":4}}}},"statementMap":{"1":{"start":{"line":31,"column":8},"end":{"line":31,"column":71}},"2":{"start":{"line":33,"column":8},"end":{"line":33,"column":70}},"3":{"start":{"line":34,"column":8},"end":{"line":34,"column":70}},"4":{"start":{"line":36,"column":8},"end":{"line":36,"column":1521}},"5":{"start":{"line":42,"column":12},"end":{"line":42,"column":68}},"6":{"start":{"line":43,"column":12},"end":{"line":43,"column":70}},"7":{"start":{"line":52,"column":8},"end":{"line":52,"column":74}},"8":{"start":{"line":53,"column":8},"end":{"line":53,"column":30}},"9":{"start":{"line":59,"column":8},"end":{"line":59,"column":82}},"10":{"start":{"line":60,"column":8},"end":{"line":60,"column":67}},"11":{"start":{"line":61,"column":8},"end":{"line":61,"column":58}},"12":{"start":{"line":66,"column":8},"end":{"line":66,"column":72}},"13":{"start":{"line":73,"column":8},"end":{"line":73,"column":51}},"14":{"start":{"line":74,"column":8},"end":{"line":74,"column":51}},"15":{"start":{"line":76,"column":8},"end":{"line":76,"column":76}},"16":{"start":{"line":77,"column":8},"end":{"line":77,"column":33}},"17":{"start":{"line":81,"column":8},"end":{"line":81,"column":56}},"18":{"start":{"line":82,"column":8},"end":{"line":82,"column":37}},"19":{"start":{"line":83,"column":8},"end":{"line":83,"column":38}},"20":{"start":{"line":84,"column":8},"end":{"line":84,"column":73}},"21":{"start":{"line":86,"column":8},"end":{"line":86,"column":72}},"22":{"start":{"line":90,"column":8},"end":{"line":90,"column":60}},"23":{"start":{"line":93,"column":8},"end":{"line":93,"column":54}},"24":{"start":{"line":95,"column":8},"end":{"line":95,"column":68}},"25":{"start":{"line":96,"column":8},"end":{"line":96,"column":25}},"26":{"start":{"line":100,"column":8},"end":{"line":100,"column":56}},"27":{"start":{"line":101,"column":8},"end":{"line":101,"column":37}},"28":{"start":{"line":102,"column":8},"end":{"line":102,"column":38}},"29":{"start":{"line":103,"column":8},"end":{"line":103,"column":73}},"30":{"start":{"line":105,"column":8},"end":{"line":105,"column":72}},"31":{"start":{"line":109,"column":8},"end":{"line":109,"column":60}},"32":{"start":{"line":112,"column":8},"end":{"line":112,"column":54}},"33":{"start":{"line":114,"column":8},"end":{"line":114,"column":68}},"34":{"start":{"line":115,"column":8},"end":{"line":115,"column":25}},"35":{"start":{"line":119,"column":8},"end":{"line":119,"column":49}},"36":{"start":{"line":120,"column":8},"end":{"line":120,"column":43}},"37":{"start":{"line":124,"column":8},"end":{"line":124,"column":35}},"38":{"start":{"line":131,"column":8},"end":{"line":131,"column":57}},"39":{"start":{"line":132,"column":8},"end":{"line":132,"column":71}},"40":{"start":{"line":134,"column":8},"end":{"line":134,"column":58}},"41":{"start":{"line":135,"column":8},"end":{"line":135,"column":56}},"42":{"start":{"line":136,"column":8},"end":{"line":136,"column":66}},"43":{"start":{"line":141,"column":8},"end":{"line":141,"column":5802}},"44":{"start":{"line":143,"column":12},"end":{"line":143,"column":33}},"45":{"start":{"line":144,"column":12},"end":{"line":144,"column":5888}},"46":{"start":{"line":148,"column":15},"end":{"line":148,"column":5993}}},"branchMap":{"1":{"line":31,"type":"if","locations":[{"start":{"line":31,"column":8},"end":{"line":31,"column":8}},{"start":{"line":31,"column":8},"end":{"line":31,"column":8}}]},"2":{"line":36,"type":"if","locations":[{"start":{"line":36,"column":8},"end":{"line":36,"column":8}},{"start":{"line":36,"column":8},"end":{"line":36,"column":8}}]},"3":{"line":43,"type":"if","locations":[{"start":{"line":43,"column":12},"end":{"line":43,"column":12}},{"start":{"line":43,"column":12},"end":{"line":43,"column":12}}]},"4":{"line":59,"type":"if","locations":[{"start":{"line":59,"column":8},"end":{"line":59,"column":8}},{"start":{"line":59,"column":8},"end":{"line":59,"column":8}}]},"5":{"line":60,"type":"if","locations":[{"start":{"line":60,"column":8},"end":{"line":60,"column":8}},{"start":{"line":60,"column":8},"end":{"line":60,"column":8}}]},"6":{"line":61,"type":"if","locations":[{"start":{"line":61,"column":8},"end":{"line":61,"column":8}},{"start":{"line":61,"column":8},"end":{"line":61,"column":8}}]},"7":{"line":66,"type":"if","locations":[{"start":{"line":66,"column":8},"end":{"line":66,"column":8}},{"start":{"line":66,"column":8},"end":{"line":66,"column":8}}]},"8":{"line":81,"type":"if","locations":[{"start":{"line":81,"column":8},"end":{"line":81,"column":8}},{"start":{"line":81,"column":8},"end":{"line":81,"column":8}}]},"9":{"line":84,"type":"if","locations":[{"start":{"line":84,"column":8},"end":{"line":84,"column":8}},{"start":{"line":84,"column":8},"end":{"line":84,"column":8}}]},"10":{"line":90,"type":"if","locations":[{"start":{"line":90,"column":8},"end":{"line":90,"column":8}},{"start":{"line":90,"column":8},"end":{"line":90,"column":8}}]},"11":{"line":100,"type":"if","locations":[{"start":{"line":100,"column":8},"end":{"line":100,"column":8}},{"start":{"line":100,"column":8},"end":{"line":100,"column":8}}]},"12":{"line":103,"type":"if","locations":[{"start":{"line":103,"column":8},"end":{"line":103,"column":8}},{"start":{"line":103,"column":8},"end":{"line":103,"column":8}}]},"13":{"line":109,"type":"if","locations":[{"start":{"line":109,"column":8},"end":{"line":109,"column":8}},{"start":{"line":109,"column":8},"end":{"line":109,"column":8}}]},"14":{"line":119,"type":"if","locations":[{"start":{"line":119,"column":8},"end":{"line":119,"column":8}},{"start":{"line":119,"column":8},"end":{"line":119,"column":8}}]},"15":{"line":131,"type":"if","locations":[{"start":{"line":131,"column":8},"end":{"line":131,"column":8}},{"start":{"line":131,"column":8},"end":{"line":131,"column":8}}]},"16":{"line":132,"type":"if","locations":[{"start":{"line":132,"column":8},"end":{"line":132,"column":8}},{"start":{"line":132,"column":8},"end":{"line":132,"column":8}}]},"17":{"line":141,"type":"if","locations":[{"start":{"line":141,"column":8},"end":{"line":141,"column":8}},{"start":{"line":141,"column":8},"end":{"line":141,"column":8}}]},"18":{"line":148,"type":"if","locations":[{"start":{"line":148,"column":15},"end":{"line":148,"column":15}},{"start":{"line":148,"column":15},"end":{"line":148,"column":15}}]}}},"contracts/MockERC20.sol":{"l":{"8":162,"12":112},"path":"/app/contracts/MockERC20.sol","s":{"1":162,"2":112},"b":{},"f":{"1":162,"2":112},"fnMap":{"1":{"name":"constructor","line":7,"loc":{"start":{"line":7,"column":4},"end":{"line":9,"column":4}}},"2":{"name":"mint","line":11,"loc":{"start":{"line":11,"column":4},"end":{"line":13,"column":4}}}},"statementMap":{"1":{"start":{"line":8,"column":8},"end":{"line":8,"column":42}},"2":{"start":{"line":12,"column":8},"end":{"line":12,"column":24}}},"branchMap":{}}}