TN:
SF:/app/contracts/DEX.sol
FN:23,constructor
FN:28,addLiquidity
FN:56,removeLiquidity
FN:80,swapAForB
FN:99,swapBForA
FN:118,getPrice
FN:123,getReserves
FN:127,getAmountOut
FN:140,sqrt
FNF:9
FNH:9
FNDA:81,constructor
FNDA:30,addLiquidity
FNDA:8,removeLiquidity
FNDA:13,swapAForB
FNDA:4,swapBForA
FNDA:6,getPrice
FNDA:9,getReserves
FNDA:17,getAmountOut
FNDA:25,sqrt
DA:24,81
DA:25,81
DA:31,30
DA:33,29
DA:34,29
DA:36,29
DA:38,25
DA:39,25
DA:42,4
DA:43,4
DA:45,4
DA:48,29
DA:49,29
DA:50,29
DA:52,29
DA:53,29
DA:59,8
DA:60,6
DA:61,6
DA:63,6
DA:64,6
DA:66,6
DA:68,6
DA:69,6
DA:70,6
DA:71,6
DA:73,6
DA:74,6
DA:76,6
DA:77,6
DA:81,13
DA:82,12
DA:83,12
DA:84,12
DA:86,12
DA:87,12
DA:89,12
DA:90,12
DA:92,12
DA:93,12
DA:95,12
DA:96,12
DA:100,4
DA:101,4
DA:102,4
DA:103,4
DA:105,4
DA:106,4
DA:108,4
DA:109,4
DA:111,4
DA:112,4
DA:114,4
DA:115,4
DA:119,6
DA:120,5
DA:124,9
DA:131,17
DA:132,17
DA:134,17
DA:135,17
DA:136,17
DA:137,17
DA:141,25
DA:142,25
DA:143,25
DA:144,25
DA:145,1854
DA:146,1854
DA:149,0
LF:70
LH:69
BRDA:31,1,0,29
BRDA:31,1,1,1
BRDA:36,2,0,25
BRDA:36,2,1,4
BRDA:43,3,0,4
BRDA:43,3,1,0
BRDA:59,4,0,6
BRDA:59,4,1,2
BRDA:60,5,0,6
BRDA:60,5,1,0
BRDA:61,6,0,6
BRDA:61,6,1,0
BRDA:66,7,0,6
BRDA:66,7,1,0
BRDA:81,8,0,12
BRDA:81,8,1,1
BRDA:84,9,0,12
BRDA:84,9,1,0
BRDA:90,10,0,12
BRDA:90,10,1,0
BRDA:100,11,0,4
BRDA:100,11,1,0
BRDA:103,12,0,4
BRDA:103,12,1,0
BRDA:109,13,0,4
BRDA:109,13,1,0
BRDA:119,14,0,5
BRDA:119,14,1,1
BRDA:131,15,0,17
BRDA:131,15,1,0
BRDA:132,16,0,17
BRDA:132,16,1,0
BRDA:141,17,0,25
BRDA:141,17,1,0
BRDA:148,18,0,0
BRDA:148,18,1,0
BRF:36
BRH:22
end_of_record
TN:
SF:/app/contracts/MockERC20.sol
FN:7,constructor
FN:11,mint
FNF:2
FNH:2
FNDA:162,constructor
FNDA:112,mint
DA:8,162
DA:12,112
LF:2
LH:2
BRF:0
BRH:0
end_of_record
